2025-11-07 11:40:58.931 INFO [main] [utilities.Log.logInfo(Log.java:13)] - Initializing WebDriver
2025-11-07 11:41:02.867 INFO [main] [utilities.Log.logInfo(Log.java:13)] - Navigating to: http://localhost:8000/
2025-11-07 11:41:06.481 INFO [main] [utilities.Log.logInfo(Log.java:13)] - Screenshots for failed
2025-11-07 11:41:06.483 INFO [main] [utilities.Log.logInfo(Log.java:13)] - Closing WebDriver
2025-11-07 12:18:22.636 INFO [main] [utilities.Log.logInfo(Log.java:13)] - Initializing WebDriver
2025-11-07 12:18:25.011 INFO [main] [utilities.Log.logInfo(Log.java:13)] - Navigating to: http://localhost:8000/
2025-11-07 12:18:27.668 INFO [main] [utilities.Log.logInfo(Log.java:13)] - URL is NOT reachable, marking test as FAILED.
2025-11-07 12:18:27.690 INFO [main] [utilities.Log.logInfo(Log.java:13)] - Screenshots for failed
2025-11-07 12:18:28.790 INFO [main] [utilities.Log.logInfo(Log.java:13)] - Closing WebDriver
2025-11-07 12:18:28.892 INFO [main] [utilities.Log.logInfo(Log.java:13)] - Initializing WebDriver
2025-11-07 12:18:30.433 INFO [main] [utilities.Log.logInfo(Log.java:13)] - Navigating to: http://localhost:8000/
2025-11-07 12:18:32.788 INFO [main] [utilities.Log.logInfo(Log.java:13)] - Screenshots for failed
2025-11-07 12:18:32.789 INFO [main] [utilities.Log.logInfo(Log.java:13)] - Closing WebDriver
2025-11-07 12:18:33.047 INFO [main] [utilities.Log.logInfo(Log.java:13)] - Initializing WebDriver
2025-11-07 12:18:34.347 INFO [main] [utilities.Log.logInfo(Log.java:13)] - Navigating to: http://localhost:8000/
2025-11-07 12:18:36.943 INFO [main] [utilities.Log.logInfo(Log.java:13)] - URL is NOT reachable, marking test as FAILED.
2025-11-07 12:18:36.947 INFO [main] [utilities.Log.logInfo(Log.java:13)] - Screenshots for failed
2025-11-07 12:18:37.327 INFO [main] [utilities.Log.logInfo(Log.java:13)] - Closing WebDriver
2025-11-07 12:18:37.569 INFO [main] [utilities.Log.logInfo(Log.java:13)] - Initializing WebDriver
2025-11-07 12:18:38.846 INFO [main] [utilities.Log.logInfo(Log.java:13)] - Navigating to: http://localhost:8000/
2025-11-07 12:18:41.299 INFO [main] [utilities.Log.logInfo(Log.java:13)] - URL is NOT reachable, marking test as FAILED.
2025-11-07 12:18:41.301 INFO [main] [utilities.Log.logInfo(Log.java:13)] - Screenshots for failed
2025-11-07 12:18:41.666 INFO [main] [utilities.Log.logInfo(Log.java:13)] - Closing WebDriver
2025-11-07 12:18:41.850 INFO [main] [utilities.Log.logInfo(Log.java:13)] - Initializing WebDriver
2025-11-07 12:18:43.087 INFO [main] [utilities.Log.logInfo(Log.java:13)] - Navigating to: http://localhost:8000/
2025-11-07 12:18:47.966 INFO [main] [utilities.Log.logInfo(Log.java:13)] - URL is NOT reachable, marking test as FAILED.
2025-11-07 12:18:47.968 INFO [main] [utilities.Log.logInfo(Log.java:13)] - Screenshots for failed
2025-11-07 12:18:48.307 INFO [main] [utilities.Log.logInfo(Log.java:13)] - Closing WebDriver
2025-11-07 12:18:48.480 INFO [main] [utilities.Log.logInfo(Log.java:13)] - Initializing WebDriver
2025-11-07 12:18:49.601 INFO [main] [utilities.Log.logInfo(Log.java:13)] - Navigating to: http://localhost:8000/
2025-11-07 12:18:54.463 INFO [main] [utilities.Log.logInfo(Log.java:13)] - URL is NOT reachable, marking test as FAILED.
2025-11-07 12:18:54.465 INFO [main] [utilities.Log.logInfo(Log.java:13)] - Screenshots for failed
2025-11-07 12:18:54.932 INFO [main] [utilities.Log.logInfo(Log.java:13)] - Closing WebDriver
2025-11-07 12:18:55.365 INFO [main] [utilities.Log.logInfo(Log.java:13)] - Initializing WebDriver
2025-11-07 12:18:56.465 INFO [main] [utilities.Log.logInfo(Log.java:13)] - Navigating to: http://localhost:8000/
2025-11-07 12:19:01.349 INFO [main] [utilities.Log.logInfo(Log.java:13)] - URL is NOT reachable, marking test as FAILED.
2025-11-07 12:19:01.359 INFO [main] [utilities.Log.logInfo(Log.java:13)] - Screenshots for failed
2025-11-07 12:19:01.806 INFO [main] [utilities.Log.logInfo(Log.java:13)] - Closing WebDriver
2025-11-07 12:19:02.058 INFO [main] [utilities.Log.logInfo(Log.java:13)] - Initializing WebDriver
2025-11-07 12:19:03.202 INFO [main] [utilities.Log.logInfo(Log.java:13)] - Navigating to: http://localhost:8000/
2025-11-07 12:19:08.085 INFO [main] [utilities.Log.logInfo(Log.java:13)] - URL is NOT reachable, marking test as FAILED.
2025-11-07 12:19:08.088 INFO [main] [utilities.Log.logInfo(Log.java:13)] - Screenshots for failed
2025-11-07 12:19:08.524 INFO [main] [utilities.Log.logInfo(Log.java:13)] - Closing WebDriver
2025-11-07 12:19:08.792 INFO [main] [utilities.Log.logInfo(Log.java:13)] - Initializing WebDriver
2025-11-07 12:19:09.885 INFO [main] [utilities.Log.logInfo(Log.java:13)] - Navigating to: http://localhost:8000/
2025-11-07 12:19:14.829 INFO [main] [utilities.Log.logInfo(Log.java:13)] - URL is NOT reachable, marking test as FAILED.
2025-11-07 12:19:14.832 INFO [main] [utilities.Log.logInfo(Log.java:13)] - Screenshots for failed
2025-11-07 12:19:15.159 INFO [main] [utilities.Log.logInfo(Log.java:13)] - Closing WebDriver
2025-11-07 12:19:15.378 INFO [main] [utilities.Log.logInfo(Log.java:13)] - Initializing WebDriver
2025-11-07 12:19:16.493 INFO [main] [utilities.Log.logInfo(Log.java:13)] - Navigating to: http://localhost:8000/
2025-11-07 12:19:21.418 INFO [main] [utilities.Log.logInfo(Log.java:13)] - URL is NOT reachable, marking test as FAILED.
2025-11-07 12:19:21.425 INFO [main] [utilities.Log.logInfo(Log.java:13)] - Screenshots for failed
2025-11-07 12:19:21.745 INFO [main] [utilities.Log.logInfo(Log.java:13)] - Closing WebDriver
2025-11-07 12:19:22.067 INFO [main] [utilities.Log.logInfo(Log.java:13)] - Initializing WebDriver
2025-11-07 12:19:23.237 INFO [main] [utilities.Log.logInfo(Log.java:13)] - Navigating to: http://localhost:8000/
2025-11-07 12:19:28.105 INFO [main] [utilities.Log.logInfo(Log.java:13)] - URL is NOT reachable, marking test as FAILED.
2025-11-07 12:19:28.105 INFO [main] [utilities.Log.logInfo(Log.java:13)] - Screenshots for failed
2025-11-07 12:19:28.385 INFO [main] [utilities.Log.logInfo(Log.java:13)] - Closing WebDriver
2025-11-07 12:19:28.565 INFO [main] [utilities.Log.logInfo(Log.java:13)] - Initializing WebDriver
2025-11-07 12:19:29.664 INFO [main] [utilities.Log.logInfo(Log.java:13)] - Navigating to: http://localhost:8000/
2025-11-07 12:19:34.552 INFO [main] [utilities.Log.logInfo(Log.java:13)] - URL is NOT reachable, marking test as FAILED.
2025-11-07 12:19:34.556 INFO [main] [utilities.Log.logInfo(Log.java:13)] - Screenshots for failed
2025-11-07 12:19:34.866 INFO [main] [utilities.Log.logInfo(Log.java:13)] - Closing WebDriver
2025-11-07 12:19:35.102 INFO [main] [utilities.Log.logInfo(Log.java:13)] - Initializing WebDriver
2025-11-07 12:19:36.266 INFO [main] [utilities.Log.logInfo(Log.java:13)] - Navigating to: http://localhost:8000/
2025-11-07 12:19:38.905 INFO [main] [utilities.Log.logInfo(Log.java:13)] - URL is NOT reachable, marking test as FAILED.
2025-11-07 12:19:38.906 INFO [main] [utilities.Log.logInfo(Log.java:13)] - Screenshots for failed
2025-11-07 12:19:39.286 INFO [main] [utilities.Log.logInfo(Log.java:13)] - Closing WebDriver
2025-11-07 12:19:39.609 INFO [main] [utilities.Log.logInfo(Log.java:13)] - Initializing WebDriver
2025-11-07 12:19:40.851 INFO [main] [utilities.Log.logInfo(Log.java:13)] - Navigating to: http://localhost:8000/
2025-11-07 12:19:41.161 INFO [main] [utilities.Log.logInfo(Log.java:13)] - Screenshots for failed
2025-11-07 12:19:41.162 INFO [main] [utilities.Log.logInfo(Log.java:13)] - Closing WebDriver
2025-11-07 12:19:41.444 INFO [main] [utilities.Log.logInfo(Log.java:13)] - Initializing WebDriver
2025-11-07 12:19:42.595 INFO [main] [utilities.Log.logInfo(Log.java:13)] - Navigating to: http://localhost:8000/
2025-11-07 12:19:45.102 INFO [main] [utilities.Log.logInfo(Log.java:13)] - URL is NOT reachable, marking test as FAILED.
2025-11-07 12:19:45.104 INFO [main] [utilities.Log.logInfo(Log.java:13)] - Screenshots for failed
2025-11-07 12:19:45.430 INFO [main] [utilities.Log.logInfo(Log.java:13)] - Closing WebDriver
2025-11-07 12:19:45.619 INFO [main] [utilities.Log.logInfo(Log.java:13)] - Initializing WebDriver
2025-11-07 12:19:46.783 INFO [main] [utilities.Log.logInfo(Log.java:13)] - Navigating to: http://localhost:8000/
2025-11-07 12:19:51.703 INFO [main] [utilities.Log.logInfo(Log.java:13)] - URL is NOT reachable, marking test as FAILED.
2025-11-07 12:19:51.705 INFO [main] [utilities.Log.logInfo(Log.java:13)] - Screenshots for failed
2025-11-07 12:19:52.053 INFO [main] [utilities.Log.logInfo(Log.java:13)] - Closing WebDriver
2025-11-07 12:19:52.337 INFO [main] [utilities.Log.logInfo(Log.java:13)] - Initializing WebDriver
2025-11-07 12:19:53.656 INFO [main] [utilities.Log.logInfo(Log.java:13)] - Navigating to: http://localhost:8000/
2025-11-07 12:19:55.196 INFO [main] [utilities.Log.logInfo(Log.java:13)] - Screenshots for failed
2025-11-07 12:19:55.198 INFO [main] [utilities.Log.logInfo(Log.java:13)] - Closing WebDriver
2025-11-07 12:19:55.407 INFO [main] [utilities.Log.logInfo(Log.java:13)] - Initializing WebDriver
2025-11-07 12:19:56.638 INFO [main] [utilities.Log.logInfo(Log.java:13)] - Navigating to: http://localhost:8000/
2025-11-07 12:19:59.136 INFO [main] [utilities.Log.logInfo(Log.java:13)] - URL is NOT reachable, marking test as FAILED.
2025-11-07 12:19:59.138 INFO [main] [utilities.Log.logInfo(Log.java:13)] - Screenshots for failed
2025-11-07 12:19:59.468 INFO [main] [utilities.Log.logInfo(Log.java:13)] - Closing WebDriver
2025-11-07 12:19:59.704 INFO [main] [utilities.Log.logInfo(Log.java:13)] - Initializing WebDriver
2025-11-07 12:20:00.852 INFO [main] [utilities.Log.logInfo(Log.java:13)] - Navigating to: http://localhost:8000/
2025-11-07 12:20:05.740 INFO [main] [utilities.Log.logInfo(Log.java:13)] - URL is NOT reachable, marking test as FAILED.
2025-11-07 12:20:05.742 INFO [main] [utilities.Log.logInfo(Log.java:13)] - Screenshots for failed
2025-11-07 12:20:06.191 INFO [main] [utilities.Log.logInfo(Log.java:13)] - Closing WebDriver
2025-11-07 12:28:33.599 INFO [main] [utilities.Log.logInfo(Log.java:13)] - Initializing WebDriver
2025-11-07 12:28:36.124 INFO [main] [utilities.Log.logInfo(Log.java:13)] - Navigating to: http://localhost:8000/
2025-11-07 12:28:41.147 INFO [main] [utilities.Log.logInfo(Log.java:13)] - URL is NOT reachable, marking test as FAILED.
2025-11-07 12:28:41.191 INFO [main] [utilities.Log.logInfo(Log.java:13)] - Screenshots for failed
2025-11-07 12:28:42.759 INFO [main] [utilities.Log.logInfo(Log.java:13)] - Closing WebDriver
2025-11-07 12:28:43.099 INFO [main] [utilities.Log.logInfo(Log.java:13)] - Initializing WebDriver
2025-11-07 12:28:44.297 INFO [main] [utilities.Log.logInfo(Log.java:13)] - Navigating to: http://localhost:8000/
2025-11-07 12:28:49.269 INFO [main] [utilities.Log.logInfo(Log.java:13)] - URL is NOT reachable, marking test as FAILED.
2025-11-07 12:28:49.272 INFO [main] [utilities.Log.logInfo(Log.java:13)] - Screenshots for failed
2025-11-07 12:28:49.771 INFO [main] [utilities.Log.logInfo(Log.java:13)] - Closing WebDriver
2025-11-07 12:28:50.037 INFO [main] [utilities.Log.logInfo(Log.java:13)] - Initializing WebDriver
2025-11-07 12:28:51.112 INFO [main] [utilities.Log.logInfo(Log.java:13)] - Navigating to: http://localhost:8000/
2025-11-07 12:28:53.566 INFO [main] [utilities.Log.logInfo(Log.java:13)] - URL is NOT reachable, marking test as FAILED.
2025-11-07 12:28:53.568 INFO [main] [utilities.Log.logInfo(Log.java:13)] - Screenshots for failed
2025-11-07 12:28:54.011 INFO [main] [utilities.Log.logInfo(Log.java:13)] - Closing WebDriver
2025-11-07 12:28:54.207 INFO [main] [utilities.Log.logInfo(Log.java:13)] - Initializing WebDriver
2025-11-07 12:28:55.318 INFO [main] [utilities.Log.logInfo(Log.java:13)] - Navigating to: http://localhost:8000/
2025-11-07 12:28:57.847 INFO [main] [utilities.Log.logInfo(Log.java:13)] - URL is NOT reachable, marking test as FAILED.
2025-11-07 12:28:57.852 INFO [main] [utilities.Log.logInfo(Log.java:13)] - Screenshots for failed
2025-11-07 12:28:58.216 INFO [main] [utilities.Log.logInfo(Log.java:13)] - Closing WebDriver
2025-11-07 12:28:58.483 INFO [main] [utilities.Log.logInfo(Log.java:13)] - Initializing WebDriver
2025-11-07 12:28:59.587 INFO [main] [utilities.Log.logInfo(Log.java:13)] - Navigating to: http://localhost:8000/
2025-11-07 12:29:04.476 INFO [main] [utilities.Log.logInfo(Log.java:13)] - URL is NOT reachable, marking test as FAILED.
2025-11-07 12:29:04.481 INFO [main] [utilities.Log.logInfo(Log.java:13)] - Screenshots for failed
2025-11-07 12:29:04.980 INFO [main] [utilities.Log.logInfo(Log.java:13)] - Closing WebDriver
2025-11-07 12:29:05.288 INFO [main] [utilities.Log.logInfo(Log.java:13)] - Initializing WebDriver
2025-11-07 12:29:06.538 INFO [main] [utilities.Log.logInfo(Log.java:13)] - Navigating to: http://localhost:8000/
2025-11-07 12:29:09.037 INFO [main] [utilities.Log.logInfo(Log.java:13)] - URL is NOT reachable, marking test as FAILED.
2025-11-07 12:29:09.040 INFO [main] [utilities.Log.logInfo(Log.java:13)] - Screenshots for failed
2025-11-07 12:29:09.436 INFO [main] [utilities.Log.logInfo(Log.java:13)] - Closing WebDriver
2025-11-07 12:29:09.727 INFO [main] [utilities.Log.logInfo(Log.java:13)] - Initializing WebDriver
2025-11-07 12:29:11.007 INFO [main] [utilities.Log.logInfo(Log.java:13)] - Navigating to: http://localhost:8000/
2025-11-07 12:29:15.921 INFO [main] [utilities.Log.logInfo(Log.java:13)] - URL is NOT reachable, marking test as FAILED.
2025-11-07 12:29:15.937 INFO [main] [utilities.Log.logInfo(Log.java:13)] - Screenshots for failed
2025-11-07 12:29:16.427 INFO [main] [utilities.Log.logInfo(Log.java:13)] - Closing WebDriver
2025-11-07 12:29:16.673 INFO [main] [utilities.Log.logInfo(Log.java:13)] - Initializing WebDriver
2025-11-07 12:29:17.956 INFO [main] [utilities.Log.logInfo(Log.java:13)] - Navigating to: http://localhost:8000/
2025-11-07 12:29:20.497 INFO [main] [utilities.Log.logInfo(Log.java:13)] - URL is NOT reachable, marking test as FAILED.
2025-11-07 12:29:20.504 INFO [main] [utilities.Log.logInfo(Log.java:13)] - Screenshots for failed
2025-11-07 12:29:20.814 INFO [main] [utilities.Log.logInfo(Log.java:13)] - Closing WebDriver
2025-11-07 12:29:21.117 INFO [main] [utilities.Log.logInfo(Log.java:13)] - Initializing WebDriver
2025-11-07 12:29:22.300 INFO [main] [utilities.Log.logInfo(Log.java:13)] - Navigating to: http://localhost:8000/
2025-11-07 12:29:24.797 INFO [main] [utilities.Log.logInfo(Log.java:13)] - URL is NOT reachable, marking test as FAILED.
2025-11-07 12:29:24.803 INFO [main] [utilities.Log.logInfo(Log.java:13)] - Screenshots for failed
2025-11-07 12:29:25.357 INFO [main] [utilities.Log.logInfo(Log.java:13)] - Closing WebDriver
2025-11-07 12:29:25.602 INFO [main] [utilities.Log.logInfo(Log.java:13)] - Initializing WebDriver
2025-11-07 12:29:26.721 INFO [main] [utilities.Log.logInfo(Log.java:13)] - Navigating to: http://localhost:8000/
2025-11-07 12:29:29.207 INFO [main] [utilities.Log.logInfo(Log.java:13)] - URL is NOT reachable, marking test as FAILED.
2025-11-07 12:29:29.212 INFO [main] [utilities.Log.logInfo(Log.java:13)] - Screenshots for failed
2025-11-07 12:29:29.522 INFO [main] [utilities.Log.logInfo(Log.java:13)] - Closing WebDriver
2025-11-07 12:29:29.755 INFO [main] [utilities.Log.logInfo(Log.java:13)] - Initializing WebDriver
2025-11-07 12:29:31.193 INFO [main] [utilities.Log.logInfo(Log.java:13)] - Navigating to: http://localhost:8000/
2025-11-07 12:29:36.177 INFO [main] [utilities.Log.logInfo(Log.java:13)] - URL is NOT reachable, marking test as FAILED.
2025-11-07 12:29:36.179 INFO [main] [utilities.Log.logInfo(Log.java:13)] - Screenshots for failed
2025-11-07 12:29:36.645 INFO [main] [utilities.Log.logInfo(Log.java:13)] - Closing WebDriver
2025-11-07 12:29:36.881 INFO [main] [utilities.Log.logInfo(Log.java:13)] - Initializing WebDriver
2025-11-07 12:29:38.207 INFO [main] [utilities.Log.logInfo(Log.java:13)] - Navigating to: http://localhost:8000/
2025-11-07 12:29:40.692 INFO [main] [utilities.Log.logInfo(Log.java:13)] - URL is NOT reachable, marking test as FAILED.
2025-11-07 12:29:40.695 INFO [main] [utilities.Log.logInfo(Log.java:13)] - Screenshots for failed
2025-11-07 12:29:41.006 INFO [main] [utilities.Log.logInfo(Log.java:13)] - Closing WebDriver
2025-11-07 12:29:41.246 INFO [main] [utilities.Log.logInfo(Log.java:13)] - Initializing WebDriver
2025-11-07 12:29:42.530 INFO [main] [utilities.Log.logInfo(Log.java:13)] - Navigating to: http://localhost:8000/
2025-11-07 12:29:47.441 INFO [main] [utilities.Log.logInfo(Log.java:13)] - URL is NOT reachable, marking test as FAILED.
2025-11-07 12:29:47.455 INFO [main] [utilities.Log.logInfo(Log.java:13)] - Screenshots for failed
2025-11-07 12:29:47.959 INFO [main] [utilities.Log.logInfo(Log.java:13)] - Closing WebDriver
2025-11-07 12:29:48.239 INFO [main] [utilities.Log.logInfo(Log.java:13)] - Initializing WebDriver
2025-11-07 12:29:49.421 INFO [main] [utilities.Log.logInfo(Log.java:13)] - Navigating to: http://localhost:8000/
2025-11-07 12:29:54.385 INFO [main] [utilities.Log.logInfo(Log.java:13)] - URL is NOT reachable, marking test as FAILED.
2025-11-07 12:29:54.388 INFO [main] [utilities.Log.logInfo(Log.java:13)] - Screenshots for failed
2025-11-07 12:29:54.763 INFO [main] [utilities.Log.logInfo(Log.java:13)] - Closing WebDriver
2025-11-07 12:29:55.063 INFO [main] [utilities.Log.logInfo(Log.java:13)] - Initializing WebDriver
2025-11-07 12:29:56.311 INFO [main] [utilities.Log.logInfo(Log.java:13)] - Navigating to: http://localhost:8000/
2025-11-07 12:29:58.832 INFO [main] [utilities.Log.logInfo(Log.java:13)] - URL is NOT reachable, marking test as FAILED.
2025-11-07 12:29:58.837 INFO [main] [utilities.Log.logInfo(Log.java:13)] - Screenshots for failed
2025-11-07 12:29:59.228 INFO [main] [utilities.Log.logInfo(Log.java:13)] - Closing WebDriver
2025-11-07 12:29:59.522 INFO [main] [utilities.Log.logInfo(Log.java:13)] - Initializing WebDriver
2025-11-07 12:30:00.875 INFO [main] [utilities.Log.logInfo(Log.java:13)] - Navigating to: http://localhost:8000/
2025-11-07 12:30:03.371 INFO [main] [utilities.Log.logInfo(Log.java:13)] - URL is NOT reachable, marking test as FAILED.
2025-11-07 12:30:03.374 INFO [main] [utilities.Log.logInfo(Log.java:13)] - Screenshots for failed
2025-11-07 12:30:03.705 INFO [main] [utilities.Log.logInfo(Log.java:13)] - Closing WebDriver
2025-11-07 12:30:03.917 INFO [main] [utilities.Log.logInfo(Log.java:13)] - Initializing WebDriver
2025-11-07 12:30:05.225 INFO [main] [utilities.Log.logInfo(Log.java:13)] - Navigating to: http://localhost:8000/
2025-11-07 12:30:07.869 INFO [main] [utilities.Log.logInfo(Log.java:13)] - URL is NOT reachable, marking test as FAILED.
2025-11-07 12:30:07.879 INFO [main] [utilities.Log.logInfo(Log.java:13)] - Screenshots for failed
2025-11-07 12:30:08.201 INFO [main] [utilities.Log.logInfo(Log.java:13)] - Closing WebDriver
2025-11-07 12:30:08.475 INFO [main] [utilities.Log.logInfo(Log.java:13)] - Initializing WebDriver
2025-11-07 12:30:09.827 INFO [main] [utilities.Log.logInfo(Log.java:13)] - Navigating to: http://localhost:8000/
2025-11-07 12:30:12.310 INFO [main] [utilities.Log.logInfo(Log.java:13)] - URL is NOT reachable, marking test as FAILED.
2025-11-07 12:30:12.310 INFO [main] [utilities.Log.logInfo(Log.java:13)] - Screenshots for failed
2025-11-07 12:30:12.673 INFO [main] [utilities.Log.logInfo(Log.java:13)] - Closing WebDriver
2025-11-07 12:30:12.855 INFO [main] [utilities.Log.logInfo(Log.java:13)] - Initializing WebDriver
2025-11-07 12:30:14.154 INFO [main] [utilities.Log.logInfo(Log.java:13)] - Navigating to: http://localhost:8000/
2025-11-07 12:30:16.655 INFO [main] [utilities.Log.logInfo(Log.java:13)] - URL is NOT reachable, marking test as FAILED.
2025-11-07 12:30:16.657 INFO [main] [utilities.Log.logInfo(Log.java:13)] - Screenshots for failed
2025-11-07 12:30:17.015 INFO [main] [utilities.Log.logInfo(Log.java:13)] - Closing WebDriver
2025-11-07 12:42:10.740 INFO [main] [utilities.Log.logInfo(Log.java:13)] - Initializing WebDriver
2025-11-07 12:42:13.199 INFO [main] [utilities.Log.logInfo(Log.java:13)] - Navigating to: http://localhost:8000/
2025-11-07 12:42:18.153 INFO [main] [utilities.Log.logInfo(Log.java:13)] - URL is NOT reachable, marking test as FAILED.
2025-11-07 12:42:18.205 INFO [main] [utilities.Log.logInfo(Log.java:13)] - Screenshots for failed
2025-11-07 12:42:19.494 INFO [main] [utilities.Log.logInfo(Log.java:13)] - Closing WebDriver
2025-11-07 12:42:19.801 INFO [main] [utilities.Log.logInfo(Log.java:13)] - Initializing WebDriver
2025-11-07 12:42:21.039 INFO [main] [utilities.Log.logInfo(Log.java:13)] - Navigating to: http://localhost:8000/
2025-11-07 12:42:25.935 INFO [main] [utilities.Log.logInfo(Log.java:13)] - URL is NOT reachable, marking test as FAILED.
2025-11-07 12:42:25.941 INFO [main] [utilities.Log.logInfo(Log.java:13)] - Screenshots for failed
2025-11-07 12:42:26.370 INFO [main] [utilities.Log.logInfo(Log.java:13)] - Closing WebDriver
2025-11-07 12:42:26.625 INFO [main] [utilities.Log.logInfo(Log.java:13)] - Initializing WebDriver
2025-11-07 12:42:27.778 INFO [main] [utilities.Log.logInfo(Log.java:13)] - Navigating to: http://localhost:8000/
2025-11-07 12:42:32.666 INFO [main] [utilities.Log.logInfo(Log.java:13)] - URL is NOT reachable, marking test as FAILED.
2025-11-07 12:42:32.666 INFO [main] [utilities.Log.logInfo(Log.java:13)] - Screenshots for failed
2025-11-07 12:42:33.081 INFO [main] [utilities.Log.logInfo(Log.java:13)] - Closing WebDriver
2025-11-07 12:42:33.308 INFO [main] [utilities.Log.logInfo(Log.java:13)] - Initializing WebDriver
2025-11-07 12:42:34.483 INFO [main] [utilities.Log.logInfo(Log.java:13)] - Navigating to: http://localhost:8000/
2025-11-07 12:42:36.964 INFO [main] [utilities.Log.logInfo(Log.java:13)] - URL is NOT reachable, marking test as FAILED.
2025-11-07 12:42:36.964 INFO [main] [utilities.Log.logInfo(Log.java:13)] - Screenshots for failed
2025-11-07 12:42:37.310 INFO [main] [utilities.Log.logInfo(Log.java:13)] - Closing WebDriver
2025-11-07 12:42:37.538 INFO [main] [utilities.Log.logInfo(Log.java:13)] - Initializing WebDriver
2025-11-07 12:42:38.672 INFO [main] [utilities.Log.logInfo(Log.java:13)] - Navigating to: http://localhost:8000/
2025-11-07 12:42:43.578 INFO [main] [utilities.Log.logInfo(Log.java:13)] - URL is NOT reachable, marking test as FAILED.
2025-11-07 12:42:43.578 INFO [main] [utilities.Log.logInfo(Log.java:13)] - Screenshots for failed
2025-11-07 12:42:44.025 INFO [main] [utilities.Log.logInfo(Log.java:13)] - Closing WebDriver
2025-11-07 12:42:44.297 INFO [main] [utilities.Log.logInfo(Log.java:13)] - Initializing WebDriver
2025-11-07 12:42:45.440 INFO [main] [utilities.Log.logInfo(Log.java:13)] - Navigating to: http://localhost:8000/
2025-11-07 12:42:50.302 INFO [main] [utilities.Log.logInfo(Log.java:13)] - URL is NOT reachable, marking test as FAILED.
2025-11-07 12:42:50.309 INFO [main] [utilities.Log.logInfo(Log.java:13)] - Screenshots for failed
2025-11-07 12:42:50.782 INFO [main] [utilities.Log.logInfo(Log.java:13)] - Closing WebDriver
2025-11-07 12:42:51.080 INFO [main] [utilities.Log.logInfo(Log.java:13)] - Initializing WebDriver
2025-11-07 12:42:52.163 INFO [main] [utilities.Log.logInfo(Log.java:13)] - Navigating to: http://localhost:8000/
2025-11-07 12:42:57.070 INFO [main] [utilities.Log.logInfo(Log.java:13)] - URL is NOT reachable, marking test as FAILED.
2025-11-07 12:42:57.077 INFO [main] [utilities.Log.logInfo(Log.java:13)] - Screenshots for failed
2025-11-07 12:42:57.537 INFO [main] [utilities.Log.logInfo(Log.java:13)] - Closing WebDriver
2025-11-07 12:42:57.784 INFO [main] [utilities.Log.logInfo(Log.java:13)] - Initializing WebDriver
2025-11-07 12:42:58.925 INFO [main] [utilities.Log.logInfo(Log.java:13)] - Navigating to: http://localhost:8000/
2025-11-07 12:43:01.423 INFO [main] [utilities.Log.logInfo(Log.java:13)] - URL is NOT reachable, marking test as FAILED.
2025-11-07 12:43:01.430 INFO [main] [utilities.Log.logInfo(Log.java:13)] - Screenshots for failed
2025-11-07 12:43:01.747 INFO [main] [utilities.Log.logInfo(Log.java:13)] - Closing WebDriver
2025-11-07 12:43:01.950 INFO [main] [utilities.Log.logInfo(Log.java:13)] - Initializing WebDriver
2025-11-07 12:43:03.117 INFO [main] [utilities.Log.logInfo(Log.java:13)] - Navigating to: http://localhost:8000/
2025-11-07 12:43:08.000 INFO [main] [utilities.Log.logInfo(Log.java:13)] - URL is NOT reachable, marking test as FAILED.
2025-11-07 12:43:08.004 INFO [main] [utilities.Log.logInfo(Log.java:13)] - Screenshots for failed
2025-11-07 12:43:08.437 INFO [main] [utilities.Log.logInfo(Log.java:13)] - Closing WebDriver
2025-11-07 12:43:08.665 INFO [main] [utilities.Log.logInfo(Log.java:13)] - Initializing WebDriver
2025-11-07 12:43:09.796 INFO [main] [utilities.Log.logInfo(Log.java:13)] - Navigating to: http://localhost:8000/
2025-11-07 12:43:14.676 INFO [main] [utilities.Log.logInfo(Log.java:13)] - URL is NOT reachable, marking test as FAILED.
2025-11-07 12:43:14.687 INFO [main] [utilities.Log.logInfo(Log.java:13)] - Screenshots for failed
2025-11-07 12:43:15.103 INFO [main] [utilities.Log.logInfo(Log.java:13)] - Closing WebDriver
2025-11-07 12:43:15.341 INFO [main] [utilities.Log.logInfo(Log.java:13)] - Initializing WebDriver
2025-11-07 12:43:16.441 INFO [main] [utilities.Log.logInfo(Log.java:13)] - Navigating to: http://localhost:8000/
2025-11-07 12:43:18.917 INFO [main] [utilities.Log.logInfo(Log.java:13)] - URL is NOT reachable, marking test as FAILED.
2025-11-07 12:43:18.926 INFO [main] [utilities.Log.logInfo(Log.java:13)] - Screenshots for failed
2025-11-07 12:43:19.243 INFO [main] [utilities.Log.logInfo(Log.java:13)] - Closing WebDriver
2025-11-07 12:43:19.448 INFO [main] [utilities.Log.logInfo(Log.java:13)] - Initializing WebDriver
2025-11-07 12:43:20.513 INFO [main] [utilities.Log.logInfo(Log.java:13)] - Navigating to: http://localhost:8000/
2025-11-07 12:43:22.991 INFO [main] [utilities.Log.logInfo(Log.java:13)] - URL is NOT reachable, marking test as FAILED.
2025-11-07 12:43:22.995 INFO [main] [utilities.Log.logInfo(Log.java:13)] - Screenshots for failed
2025-11-07 12:43:23.330 INFO [main] [utilities.Log.logInfo(Log.java:13)] - Closing WebDriver
2025-11-07 12:43:23.530 INFO [main] [utilities.Log.logInfo(Log.java:13)] - Initializing WebDriver
2025-11-07 12:43:24.695 INFO [main] [utilities.Log.logInfo(Log.java:13)] - Navigating to: http://localhost:8000/
2025-11-07 12:43:27.180 INFO [main] [utilities.Log.logInfo(Log.java:13)] - URL is NOT reachable, marking test as FAILED.
2025-11-07 12:43:27.180 INFO [main] [utilities.Log.logInfo(Log.java:13)] - Screenshots for failed
2025-11-07 12:43:27.527 INFO [main] [utilities.Log.logInfo(Log.java:13)] - Closing WebDriver
2025-11-07 12:43:27.700 INFO [main] [utilities.Log.logInfo(Log.java:13)] - Initializing WebDriver
2025-11-07 12:43:28.789 INFO [main] [utilities.Log.logInfo(Log.java:13)] - Navigating to: http://localhost:8000/
2025-11-07 12:43:33.659 INFO [main] [utilities.Log.logInfo(Log.java:13)] - URL is NOT reachable, marking test as FAILED.
2025-11-07 12:43:33.664 INFO [main] [utilities.Log.logInfo(Log.java:13)] - Screenshots for failed
2025-11-07 12:43:34.093 INFO [main] [utilities.Log.logInfo(Log.java:13)] - Closing WebDriver
2025-11-07 12:43:34.306 INFO [main] [utilities.Log.logInfo(Log.java:13)] - Initializing WebDriver
2025-11-07 12:43:35.358 INFO [main] [utilities.Log.logInfo(Log.java:13)] - Navigating to: http://localhost:8000/
2025-11-07 12:43:37.855 INFO [main] [utilities.Log.logInfo(Log.java:13)] - URL is NOT reachable, marking test as FAILED.
2025-11-07 12:43:37.863 INFO [main] [utilities.Log.logInfo(Log.java:13)] - Screenshots for failed
2025-11-07 12:43:38.169 INFO [main] [utilities.Log.logInfo(Log.java:13)] - Closing WebDriver
2025-11-07 12:43:38.428 INFO [main] [utilities.Log.logInfo(Log.java:13)] - Initializing WebDriver
2025-11-07 12:43:39.577 INFO [main] [utilities.Log.logInfo(Log.java:13)] - Navigating to: http://localhost:8000/
2025-11-07 12:43:44.477 INFO [main] [utilities.Log.logInfo(Log.java:13)] - URL is NOT reachable, marking test as FAILED.
2025-11-07 12:43:44.479 INFO [main] [utilities.Log.logInfo(Log.java:13)] - Screenshots for failed
2025-11-07 12:43:44.905 INFO [main] [utilities.Log.logInfo(Log.java:13)] - Closing WebDriver
2025-11-07 12:43:45.168 INFO [main] [utilities.Log.logInfo(Log.java:13)] - Initializing WebDriver
2025-11-07 12:43:46.271 INFO [main] [utilities.Log.logInfo(Log.java:13)] - Navigating to: http://localhost:8000/
2025-11-07 12:43:51.144 INFO [main] [utilities.Log.logInfo(Log.java:13)] - URL is NOT reachable, marking test as FAILED.
2025-11-07 12:43:51.150 INFO [main] [utilities.Log.logInfo(Log.java:13)] - Screenshots for failed
2025-11-07 12:43:51.602 INFO [main] [utilities.Log.logInfo(Log.java:13)] - Closing WebDriver
2025-11-07 12:43:51.896 INFO [main] [utilities.Log.logInfo(Log.java:13)] - Initializing WebDriver
2025-11-07 12:43:52.971 INFO [main] [utilities.Log.logInfo(Log.java:13)] - Navigating to: http://localhost:8000/
2025-11-07 12:43:57.888 INFO [main] [utilities.Log.logInfo(Log.java:13)] - URL is NOT reachable, marking test as FAILED.
2025-11-07 12:43:57.891 INFO [main] [utilities.Log.logInfo(Log.java:13)] - Screenshots for failed
2025-11-07 12:43:58.308 INFO [main] [utilities.Log.logInfo(Log.java:13)] - Closing WebDriver
2025-11-07 12:43:58.562 INFO [main] [utilities.Log.logInfo(Log.java:13)] - Initializing WebDriver
2025-11-07 12:43:59.694 INFO [main] [utilities.Log.logInfo(Log.java:13)] - Navigating to: http://localhost:8000/
2025-11-07 12:44:04.614 INFO [main] [utilities.Log.logInfo(Log.java:13)] - URL is NOT reachable, marking test as FAILED.
2025-11-07 12:44:04.619 INFO [main] [utilities.Log.logInfo(Log.java:13)] - Screenshots for failed
2025-11-07 12:44:05.090 INFO [main] [utilities.Log.logInfo(Log.java:13)] - Closing WebDriver
